2023.11.09 14:56:06 INFO  ce[][o.s.p.ProcessEntryPoint] Starting ce
2023.11.09 14:56:06 INFO  ce[][o.s.ce.app.CeServer] Compute Engine starting up...
2023.11.09 14:56:06 INFO  ce[][o.e.p.PluginsService] no modules loaded
2023.11.09 14:56:06 INFO  ce[][o.e.p.PluginsService] loaded plugin [org.elasticsearch.join.ParentJoinPlugin]
2023.11.09 14:56:06 INFO  ce[][o.e.p.PluginsService] loaded plugin [org.elasticsearch.percolator.PercolatorPlugin]
2023.11.09 14:56:06 INFO  ce[][o.e.p.PluginsService] loaded plugin [org.elasticsearch.transport.Netty4Plugin]
2023.11.09 14:56:07 INFO  ce[][o.s.s.e.EsClientProvider] Connected to local Elasticsearch: [127.0.0.1:9001]
2023.11.09 14:56:07 INFO  ce[][o.sonar.db.Database] Create JDBC data source for jdbc:postgresql://db-postgresql/sonarqube
2023.11.09 14:56:09 INFO  ce[][o.s.s.p.ServerFileSystemImpl] SonarQube home: /opt/sonarqube
2023.11.09 14:56:09 INFO  ce[][o.s.c.c.CePluginRepository] Load plugins
2023.11.09 14:56:10 INFO  ce[][o.s.c.c.ComputeEngineContainerImpl] Running Community edition
2023.11.09 14:56:10 INFO  ce[][o.s.ce.app.CeServer] Compute Engine is operational
2023.11.09 15:12:52 INFO  ce[][o.s.c.t.CeWorkerImpl] Execute task | project=VGF | type=REPORT | id=AYu0pKK9lmit1cCJhvVr
2023.11.09 15:12:54 INFO  ce[AYu0pKK9lmit1cCJhvVr][o.s.c.t.s.ComputationStepExecutor] Extract report | status=SUCCESS | time=1385ms
2023.11.09 15:12:54 INFO  ce[AYu0pKK9lmit1cCJhvVr][o.s.c.t.s.ComputationStepExecutor] Persist scanner context | status=SUCCESS | time=19ms
2023.11.09 15:12:54 INFO  ce[AYu0pKK9lmit1cCJhvVr][o.s.c.t.s.ComputationStepExecutor] Propagate analysis warnings from scanner report | status=SUCCESS | time=29ms
2023.11.09 15:12:54 INFO  ce[AYu0pKK9lmit1cCJhvVr][o.s.c.t.s.ComputationStepExecutor] Execute DB migrations for current project | status=SUCCESS | time=9ms
2023.11.09 15:12:54 INFO  ce[AYu0pKK9lmit1cCJhvVr][o.s.c.t.s.ComputationStepExecutor] Generate analysis UUID | status=SUCCESS | time=0ms
2023.11.09 15:12:54 INFO  ce[AYu0pKK9lmit1cCJhvVr][o.s.c.t.s.ComputationStepExecutor] Load analysis metadata | status=SUCCESS | time=79ms
2023.11.09 15:12:54 INFO  ce[AYu0pKK9lmit1cCJhvVr][o.s.c.t.s.ComputationStepExecutor] Initialize | status=SUCCESS | time=0ms
2023.11.09 15:12:54 INFO  ce[AYu0pKK9lmit1cCJhvVr][o.s.c.t.s.ComputationStepExecutor] Verify billing | status=SUCCESS | time=0ms
2023.11.09 15:12:54 INFO  ce[AYu0pKK9lmit1cCJhvVr][o.s.c.t.s.ComputationStepExecutor] Build tree of components | components=3518 | status=SUCCESS | time=290ms
2023.11.09 15:12:54 INFO  ce[AYu0pKK9lmit1cCJhvVr][o.s.c.t.s.ComputationStepExecutor] Validate project | status=SUCCESS | time=8ms
2023.11.09 15:12:55 INFO  ce[AYu0pKK9lmit1cCJhvVr][o.s.c.t.s.ComputationStepExecutor] Load quality profiles | status=SUCCESS | time=182ms
2023.11.09 15:12:55 INFO  ce[AYu0pKK9lmit1cCJhvVr][o.s.c.t.s.ComputationStepExecutor] Load Quality gate | status=SUCCESS | time=17ms
2023.11.09 15:12:55 INFO  ce[AYu0pKK9lmit1cCJhvVr][o.s.c.t.s.ComputationStepExecutor] Load new code period | status=SUCCESS | time=0ms
2023.11.09 15:12:55 INFO  ce[AYu0pKK9lmit1cCJhvVr][o.s.c.t.s.ComputationStepExecutor] Detect file moves | status=SUCCESS | time=0ms
2023.11.09 15:12:55 INFO  ce[AYu0pKK9lmit1cCJhvVr][o.s.c.t.s.ComputationStepExecutor] Load duplications | duplications=7977 | status=SUCCESS | time=350ms
2023.11.09 15:12:55 INFO  ce[AYu0pKK9lmit1cCJhvVr][o.s.c.t.s.ComputationStepExecutor] Compute cross project duplications | status=SUCCESS | time=0ms
2023.11.09 15:12:55 INFO  ce[AYu0pKK9lmit1cCJhvVr][o.s.c.t.s.ComputationStepExecutor] Compute size measures | status=SUCCESS | time=174ms
2023.11.09 15:12:55 INFO  ce[AYu0pKK9lmit1cCJhvVr][o.s.c.t.s.ComputationStepExecutor] Compute new coverage | status=SUCCESS | time=21ms
2023.11.09 15:12:56 INFO  ce[AYu0pKK9lmit1cCJhvVr][o.s.c.t.s.ComputationStepExecutor] Compute coverage measures | status=SUCCESS | time=363ms
2023.11.09 15:12:56 INFO  ce[AYu0pKK9lmit1cCJhvVr][o.s.c.t.s.ComputationStepExecutor] Compute comment measures | status=SUCCESS | time=16ms
2023.11.09 15:12:56 INFO  ce[AYu0pKK9lmit1cCJhvVr][o.s.c.t.s.ComputationStepExecutor] Copy custom measures | status=SUCCESS | time=6ms
2023.11.09 15:12:56 INFO  ce[AYu0pKK9lmit1cCJhvVr][o.s.c.t.s.ComputationStepExecutor] Compute duplication measures | status=SUCCESS | time=59ms
2023.11.09 15:12:56 INFO  ce[AYu0pKK9lmit1cCJhvVr][o.s.c.t.s.ComputationStepExecutor] Compute size measures on new code | status=SUCCESS | time=6ms
2023.11.09 15:12:56 INFO  ce[AYu0pKK9lmit1cCJhvVr][o.s.c.t.s.ComputationStepExecutor] Compute language distribution | status=SUCCESS | time=42ms
2023.11.09 15:12:56 INFO  ce[AYu0pKK9lmit1cCJhvVr][o.s.c.t.s.ComputationStepExecutor] Compute test measures | status=SUCCESS | time=9ms
2023.11.09 15:12:56 INFO  ce[AYu0pKK9lmit1cCJhvVr][o.s.c.t.s.ComputationStepExecutor] Compute complexity measures | status=SUCCESS | time=29ms
2023.11.09 15:12:56 INFO  ce[AYu0pKK9lmit1cCJhvVr][o.s.c.t.s.ComputationStepExecutor] Load measure computers | status=SUCCESS | time=4ms
2023.11.09 15:12:56 INFO  ce[AYu0pKK9lmit1cCJhvVr][o.s.c.t.s.ComputationStepExecutor] Compute Quality Profile status | status=SUCCESS | time=10ms
2023.11.09 15:13:03 INFO  ce[AYu0pKK9lmit1cCJhvVr][o.s.c.t.s.ComputationStepExecutor] Execute component visitors | status=SUCCESS | time=7617ms
2023.11.09 15:13:03 INFO  ce[AYu0pKK9lmit1cCJhvVr][o.s.c.t.s.ComputationStepExecutor] Checks executed after computation of measures | status=SUCCESS | time=1ms
2023.11.09 15:13:04 INFO  ce[AYu0pKK9lmit1cCJhvVr][o.s.c.t.s.ComputationStepExecutor] Compute Quality Gate measures | status=SUCCESS | time=27ms
2023.11.09 15:13:04 INFO  ce[AYu0pKK9lmit1cCJhvVr][o.s.c.t.s.ComputationStepExecutor] Compute Quality profile measures | status=SUCCESS | time=7ms
2023.11.09 15:13:04 INFO  ce[AYu0pKK9lmit1cCJhvVr][o.s.c.t.s.ComputationStepExecutor] Generate Quality profile events | status=SUCCESS | time=1ms
2023.11.09 15:13:04 INFO  ce[AYu0pKK9lmit1cCJhvVr][o.s.c.t.s.ComputationStepExecutor] Generate Quality gate events | status=SUCCESS | time=1ms
2023.11.09 15:13:04 INFO  ce[AYu0pKK9lmit1cCJhvVr][o.s.c.t.s.ComputationStepExecutor] Persist components | status=SUCCESS | time=499ms
2023.11.09 15:13:04 INFO  ce[AYu0pKK9lmit1cCJhvVr][o.s.c.t.s.ComputationStepExecutor] Persist analysis | status=SUCCESS | time=5ms
2023.11.09 15:13:04 INFO  ce[AYu0pKK9lmit1cCJhvVr][o.s.c.t.s.ComputationStepExecutor] Persist analysis properties | status=SUCCESS | time=1ms
2023.11.09 15:13:04 INFO  ce[AYu0pKK9lmit1cCJhvVr][o.s.c.t.s.ComputationStepExecutor] Persist measures | inserts=78 | status=SUCCESS | time=21ms
2023.11.09 15:13:15 INFO  ce[AYu0pKK9lmit1cCJhvVr][o.s.c.t.s.ComputationStepExecutor] Persist live measures | insertsOrUpdates=127821 | status=SUCCESS | time=10530ms
2023.11.09 15:13:16 INFO  ce[AYu0pKK9lmit1cCJhvVr][o.s.c.t.s.ComputationStepExecutor] Persist duplication data | insertsOrUpdates=909 | status=SUCCESS | time=1331ms
2023.11.09 15:13:16 INFO  ce[AYu0pKK9lmit1cCJhvVr][o.s.c.t.s.ComputationStepExecutor] Persist new ad hoc Rules | status=SUCCESS | time=1ms
2023.11.09 15:13:36 INFO  ce[AYu0pKK9lmit1cCJhvVr][o.s.c.t.s.ComputationStepExecutor] Persist issues | inserts=33118 | updates=0 | merged=0 | untouched=0 | status=SUCCESS | time=19946ms
2023.11.09 15:13:36 INFO  ce[AYu0pKK9lmit1cCJhvVr][o.s.c.t.s.ComputationStepExecutor] Persist project links | status=SUCCESS | time=6ms
2023.11.09 15:13:36 INFO  ce[AYu0pKK9lmit1cCJhvVr][o.s.c.t.s.ComputationStepExecutor] Persist events | status=SUCCESS | time=13ms
2023.11.09 15:13:44 INFO  ce[AYu0pKK9lmit1cCJhvVr][o.s.c.t.s.ComputationStepExecutor] Persist sources | status=SUCCESS | time=7973ms
2023.11.09 15:13:44 INFO  ce[AYu0pKK9lmit1cCJhvVr][o.s.c.t.s.ComputationStepExecutor] Persist cross project duplications | status=SUCCESS | time=0ms
2023.11.09 15:13:44 INFO  ce[AYu0pKK9lmit1cCJhvVr][o.s.c.t.s.ComputationStepExecutor] Enable analysis | status=SUCCESS | time=14ms
2023.11.09 15:13:44 INFO  ce[AYu0pKK9lmit1cCJhvVr][o.s.c.t.s.ComputationStepExecutor] Update last usage date of quality profiles | status=SUCCESS | time=9ms
2023.11.09 15:13:44 INFO  ce[AYu0pKK9lmit1cCJhvVr][o.s.c.t.s.ComputationStepExecutor] Purge db | status=SUCCESS | time=413ms
2023.11.09 15:13:51 INFO  ce[AYu0pKK9lmit1cCJhvVr][o.s.c.t.s.ComputationStepExecutor] Index analysis | status=SUCCESS | time=6864ms
2023.11.09 15:13:51 INFO  ce[AYu0pKK9lmit1cCJhvVr][o.s.c.t.s.ComputationStepExecutor] Send issue notifications | newIssuesNotifs=0 | newIssuesDeliveries=0 | myNewIssuesNotifs=0 | myNewIssuesDeliveries=0 | changesNotifs=0 | changesDeliveries=0 | status=SUCCESS | time=3ms
2023.11.09 15:13:51 INFO  ce[AYu0pKK9lmit1cCJhvVr][o.s.c.t.s.ComputationStepExecutor] Publish task results | status=SUCCESS | time=1ms
2023.11.09 15:13:51 INFO  ce[AYu0pKK9lmit1cCJhvVr][o.s.c.t.s.ComputationStepExecutor] Trigger refresh of Portfolios and Applications | status=SUCCESS | time=0ms
2023.11.09 15:13:52 INFO  ce[AYu0pKK9lmit1cCJhvVr][o.s.c.t.CeWorkerImpl] Executed task | project=VGF | type=REPORT | id=AYu0pKK9lmit1cCJhvVr | status=SUCCESS | time=60108ms
2023.11.09 15:33:27 INFO  ce[][o.s.c.t.CeWorkerImpl] Execute task | project=VGF | type=REPORT | id=AYu0t30Rlmit1cCJhvVs
2023.11.09 15:33:29 INFO  ce[AYu0t30Rlmit1cCJhvVs][o.s.c.t.s.ComputationStepExecutor] Extract report | status=SUCCESS | time=1953ms
2023.11.09 15:33:29 INFO  ce[AYu0t30Rlmit1cCJhvVs][o.s.c.t.s.ComputationStepExecutor] Persist scanner context | status=SUCCESS | time=7ms
2023.11.09 15:33:29 INFO  ce[AYu0t30Rlmit1cCJhvVs][o.s.c.t.s.ComputationStepExecutor] Propagate analysis warnings from scanner report | status=SUCCESS | time=2ms
2023.11.09 15:33:29 INFO  ce[AYu0t30Rlmit1cCJhvVs][o.s.c.t.s.ComputationStepExecutor] Execute DB migrations for current project | status=SUCCESS | time=5ms
2023.11.09 15:33:29 INFO  ce[AYu0t30Rlmit1cCJhvVs][o.s.c.t.s.ComputationStepExecutor] Generate analysis UUID | status=SUCCESS | time=0ms
2023.11.09 15:33:29 INFO  ce[AYu0t30Rlmit1cCJhvVs][o.s.c.t.s.ComputationStepExecutor] Load analysis metadata | status=SUCCESS | time=9ms
2023.11.09 15:33:29 INFO  ce[AYu0t30Rlmit1cCJhvVs][o.s.c.t.s.ComputationStepExecutor] Initialize | status=SUCCESS | time=0ms
2023.11.09 15:33:29 INFO  ce[AYu0t30Rlmit1cCJhvVs][o.s.c.t.s.ComputationStepExecutor] Verify billing | status=SUCCESS | time=0ms
2023.11.09 15:33:29 INFO  ce[AYu0t30Rlmit1cCJhvVs][o.s.c.t.s.ComputationStepExecutor] Build tree of components | components=3518 | status=SUCCESS | time=138ms
2023.11.09 15:33:29 INFO  ce[AYu0t30Rlmit1cCJhvVs][o.s.c.t.s.ComputationStepExecutor] Validate project | status=SUCCESS | time=2ms
2023.11.09 15:33:29 INFO  ce[AYu0t30Rlmit1cCJhvVs][o.s.c.t.s.ComputationStepExecutor] Load quality profiles | status=SUCCESS | time=53ms
2023.11.09 15:33:29 INFO  ce[AYu0t30Rlmit1cCJhvVs][o.s.c.t.s.ComputationStepExecutor] Load Quality gate | status=SUCCESS | time=5ms
2023.11.09 15:33:29 INFO  ce[AYu0t30Rlmit1cCJhvVs][o.s.c.t.s.ComputationStepExecutor] Load new code period | status=SUCCESS | time=5ms
2023.11.09 15:33:29 INFO  ce[AYu0t30Rlmit1cCJhvVs][o.s.c.t.s.ComputationStepExecutor] Detect file moves | reportFiles=2870 | dbFiles=2870 | addedFiles=0 | status=SUCCESS | time=36ms
2023.11.09 15:33:29 INFO  ce[AYu0t30Rlmit1cCJhvVs][o.s.c.t.s.ComputationStepExecutor] Load duplications | duplications=7977 | status=SUCCESS | time=242ms
2023.11.09 15:33:29 INFO  ce[AYu0t30Rlmit1cCJhvVs][o.s.c.t.s.ComputationStepExecutor] Compute cross project duplications | status=SUCCESS | time=0ms
2023.11.09 15:33:30 INFO  ce[AYu0t30Rlmit1cCJhvVs][o.s.c.t.s.ComputationStepExecutor] Compute size measures | status=SUCCESS | time=116ms
2023.11.09 15:33:32 INFO  ce[AYu0t30Rlmit1cCJhvVs][o.s.c.t.s.ComputationStepExecutor] Compute new coverage | status=SUCCESS | time=2788ms
2023.11.09 15:33:33 INFO  ce[AYu0t30Rlmit1cCJhvVs][o.s.c.t.s.ComputationStepExecutor] Compute coverage measures | status=SUCCESS | time=266ms
2023.11.09 15:33:33 INFO  ce[AYu0t30Rlmit1cCJhvVs][o.s.c.t.s.ComputationStepExecutor] Compute comment measures | status=SUCCESS | time=5ms
2023.11.09 15:33:33 INFO  ce[AYu0t30Rlmit1cCJhvVs][o.s.c.t.s.ComputationStepExecutor] Copy custom measures | status=SUCCESS | time=2ms
2023.11.09 15:33:33 INFO  ce[AYu0t30Rlmit1cCJhvVs][o.s.c.t.s.ComputationStepExecutor] Compute duplication measures | status=SUCCESS | time=23ms
2023.11.09 15:33:33 INFO  ce[AYu0t30Rlmit1cCJhvVs][o.s.c.t.s.ComputationStepExecutor] Compute size measures on new code | status=SUCCESS | time=59ms
2023.11.09 15:33:33 INFO  ce[AYu0t30Rlmit1cCJhvVs][o.s.c.t.s.ComputationStepExecutor] Compute language distribution | status=SUCCESS | time=8ms
2023.11.09 15:33:33 INFO  ce[AYu0t30Rlmit1cCJhvVs][o.s.c.t.s.ComputationStepExecutor] Compute test measures | status=SUCCESS | time=3ms
2023.11.09 15:33:33 INFO  ce[AYu0t30Rlmit1cCJhvVs][o.s.c.t.s.ComputationStepExecutor] Compute complexity measures | status=SUCCESS | time=10ms
2023.11.09 15:33:33 INFO  ce[AYu0t30Rlmit1cCJhvVs][o.s.c.t.s.ComputationStepExecutor] Load measure computers | status=SUCCESS | time=0ms
2023.11.09 15:33:33 INFO  ce[AYu0t30Rlmit1cCJhvVs][o.s.c.t.s.ComputationStepExecutor] Compute Quality Profile status | status=SUCCESS | time=8ms
2023.11.09 15:33:41 INFO  ce[AYu0t30Rlmit1cCJhvVs][o.s.c.t.s.ComputationStepExecutor] Execute component visitors | status=SUCCESS | time=8477ms
2023.11.09 15:33:41 INFO  ce[AYu0t30Rlmit1cCJhvVs][o.s.c.t.s.ComputationStepExecutor] Checks executed after computation of measures | status=SUCCESS | time=0ms
2023.11.09 15:33:41 INFO  ce[AYu0t30Rlmit1cCJhvVs][o.s.c.t.s.ComputationStepExecutor] Compute Quality Gate measures | status=SUCCESS | time=3ms
2023.11.09 15:33:41 INFO  ce[AYu0t30Rlmit1cCJhvVs][o.s.c.t.s.ComputationStepExecutor] Compute Quality profile measures | status=SUCCESS | time=1ms
2023.11.09 15:33:41 INFO  ce[AYu0t30Rlmit1cCJhvVs][o.s.c.t.s.ComputationStepExecutor] Generate Quality profile events | status=SUCCESS | time=5ms
2023.11.09 15:33:41 INFO  ce[AYu0t30Rlmit1cCJhvVs][o.s.c.t.s.ComputationStepExecutor] Generate Quality gate events | status=SUCCESS | time=2ms
2023.11.09 15:33:41 INFO  ce[AYu0t30Rlmit1cCJhvVs][o.s.c.t.s.ComputationStepExecutor] Persist components | status=SUCCESS | time=44ms
2023.11.09 15:33:41 INFO  ce[AYu0t30Rlmit1cCJhvVs][o.s.c.t.s.ComputationStepExecutor] Persist analysis | status=SUCCESS | time=2ms
2023.11.09 15:33:41 INFO  ce[AYu0t30Rlmit1cCJhvVs][o.s.c.t.s.ComputationStepExecutor] Persist analysis properties | status=SUCCESS | time=0ms
2023.11.09 15:33:41 INFO  ce[AYu0t30Rlmit1cCJhvVs][o.s.c.t.s.ComputationStepExecutor] Persist measures | inserts=103 | status=SUCCESS | time=12ms
2023.11.09 15:33:52 INFO  ce[AYu0t30Rlmit1cCJhvVs][o.s.c.t.s.ComputationStepExecutor] Persist live measures | insertsOrUpdates=164111 | status=SUCCESS | time=11038ms
2023.11.09 15:33:53 INFO  ce[AYu0t30Rlmit1cCJhvVs][o.s.c.t.s.ComputationStepExecutor] Persist duplication data | insertsOrUpdates=909 | status=SUCCESS | time=950ms
2023.11.09 15:33:53 INFO  ce[AYu0t30Rlmit1cCJhvVs][o.s.c.t.s.ComputationStepExecutor] Persist new ad hoc Rules | status=SUCCESS | time=1ms
2023.11.09 15:34:15 INFO  ce[AYu0t30Rlmit1cCJhvVs][o.s.c.t.s.ComputationStepExecutor] Persist issues | inserts=0 | updates=81 | merged=0 | untouched=33037 | status=SUCCESS | time=22153ms
2023.11.09 15:34:15 INFO  ce[AYu0t30Rlmit1cCJhvVs][o.s.c.t.s.ComputationStepExecutor] Persist project links | status=SUCCESS | time=3ms
2023.11.09 15:34:15 INFO  ce[AYu0t30Rlmit1cCJhvVs][o.s.c.t.s.ComputationStepExecutor] Persist events | status=SUCCESS | time=7ms
2023.11.09 15:34:19 INFO  ce[AYu0t30Rlmit1cCJhvVs][o.s.c.t.s.ComputationStepExecutor] Persist sources | status=SUCCESS | time=3475ms
2023.11.09 15:34:19 INFO  ce[AYu0t30Rlmit1cCJhvVs][o.s.c.t.s.ComputationStepExecutor] Persist cross project duplications | status=SUCCESS | time=0ms
2023.11.09 15:34:19 INFO  ce[AYu0t30Rlmit1cCJhvVs][o.s.c.t.s.ComputationStepExecutor] Enable analysis | status=SUCCESS | time=3ms
2023.11.09 15:34:19 INFO  ce[AYu0t30Rlmit1cCJhvVs][o.s.c.t.s.ComputationStepExecutor] Update last usage date of quality profiles | status=SUCCESS | time=4ms
2023.11.09 15:34:19 INFO  ce[AYu0t30Rlmit1cCJhvVs][o.s.c.t.s.ComputationStepExecutor] Purge db | status=SUCCESS | time=126ms
2023.11.09 15:34:24 INFO  ce[AYu0t30Rlmit1cCJhvVs][o.s.c.t.s.ComputationStepExecutor] Index analysis | status=SUCCESS | time=4611ms
2023.11.09 15:34:24 INFO  ce[AYu0t30Rlmit1cCJhvVs][o.s.c.t.s.ComputationStepExecutor] Send issue notifications | newIssuesNotifs=0 | newIssuesDeliveries=0 | myNewIssuesNotifs=0 | myNewIssuesDeliveries=0 | changesNotifs=0 | changesDeliveries=0 | status=SUCCESS | time=1ms
2023.11.09 15:34:24 INFO  ce[AYu0t30Rlmit1cCJhvVs][o.s.c.t.s.ComputationStepExecutor] Publish task results | status=SUCCESS | time=0ms
2023.11.09 15:34:24 INFO  ce[AYu0t30Rlmit1cCJhvVs][o.s.c.t.s.ComputationStepExecutor] Trigger refresh of Portfolios and Applications | status=SUCCESS | time=0ms
2023.11.09 15:34:24 INFO  ce[AYu0t30Rlmit1cCJhvVs][o.s.c.t.CeWorkerImpl] Executed task | project=VGF | type=REPORT | id=AYu0t30Rlmit1cCJhvVs | status=SUCCESS | time=57362ms
2023.11.09 15:51:13 INFO  ce[][o.s.p.ProcessEntryPoint] Gracefully stopping process
2023.11.09 15:51:13 INFO  ce[][o.s.ce.app.CeServer] Compute Engine is stopping...
2023.11.09 15:51:13 INFO  ce[][o.s.c.t.CeProcessingSchedulerImpl] Gracefully stopping workers...
2023.11.09 15:51:13 INFO  ce[][o.s.ce.app.CeServer] Compute Engine is stopped
