2023.11.10 12:52:01 INFO  ce[][o.s.p.ProcessEntryPoint] Starting ce
2023.11.10 12:52:02 INFO  ce[][o.s.ce.app.CeServer] Compute Engine starting up...
2023.11.10 12:52:02 INFO  ce[][o.e.p.PluginsService] no modules loaded
2023.11.10 12:52:02 INFO  ce[][o.e.p.PluginsService] loaded plugin [org.elasticsearch.join.ParentJoinPlugin]
2023.11.10 12:52:02 INFO  ce[][o.e.p.PluginsService] loaded plugin [org.elasticsearch.percolator.PercolatorPlugin]
2023.11.10 12:52:02 INFO  ce[][o.e.p.PluginsService] loaded plugin [org.elasticsearch.transport.Netty4Plugin]
2023.11.10 12:52:04 INFO  ce[][o.s.s.e.EsClientProvider] Connected to local Elasticsearch: [127.0.0.1:9001]
2023.11.10 12:52:04 INFO  ce[][o.sonar.db.Database] Create JDBC data source for jdbc:postgresql://db-postgresql/sonarqube
2023.11.10 12:52:05 INFO  ce[][o.s.s.p.ServerFileSystemImpl] SonarQube home: /opt/sonarqube
2023.11.10 12:52:05 INFO  ce[][o.s.c.c.CePluginRepository] Load plugins
2023.11.10 12:52:06 INFO  ce[][o.s.c.c.ComputeEngineContainerImpl] Running Community edition
2023.11.10 12:52:06 INFO  ce[][o.s.ce.app.CeServer] Compute Engine is operational
2023.11.10 12:57:34 INFO  ce[][o.s.c.t.CeWorkerImpl] Execute task | project=VGF | type=REPORT | id=AYu5TyIloHkafef8rVWw
2023.11.10 12:57:36 INFO  ce[AYu5TyIloHkafef8rVWw][o.s.c.t.s.ComputationStepExecutor] Extract report | status=SUCCESS | time=1149ms
2023.11.10 12:57:36 INFO  ce[AYu5TyIloHkafef8rVWw][o.s.c.t.s.ComputationStepExecutor] Persist scanner context | status=SUCCESS | time=13ms
2023.11.10 12:57:36 INFO  ce[AYu5TyIloHkafef8rVWw][o.s.c.t.s.ComputationStepExecutor] Propagate analysis warnings from scanner report | status=SUCCESS | time=26ms
2023.11.10 12:57:36 INFO  ce[AYu5TyIloHkafef8rVWw][o.s.c.t.s.ComputationStepExecutor] Execute DB migrations for current project | status=SUCCESS | time=9ms
2023.11.10 12:57:36 INFO  ce[AYu5TyIloHkafef8rVWw][o.s.c.t.s.ComputationStepExecutor] Generate analysis UUID | status=SUCCESS | time=0ms
2023.11.10 12:57:36 INFO  ce[AYu5TyIloHkafef8rVWw][o.s.c.t.s.ComputationStepExecutor] Load analysis metadata | status=SUCCESS | time=79ms
2023.11.10 12:57:36 INFO  ce[AYu5TyIloHkafef8rVWw][o.s.c.t.s.ComputationStepExecutor] Initialize | status=SUCCESS | time=0ms
2023.11.10 12:57:36 INFO  ce[AYu5TyIloHkafef8rVWw][o.s.c.t.s.ComputationStepExecutor] Verify billing | status=SUCCESS | time=0ms
2023.11.10 12:57:36 INFO  ce[AYu5TyIloHkafef8rVWw][o.s.c.t.s.ComputationStepExecutor] Build tree of components | components=3405 | status=SUCCESS | time=252ms
2023.11.10 12:57:36 INFO  ce[AYu5TyIloHkafef8rVWw][o.s.c.t.s.ComputationStepExecutor] Validate project | status=SUCCESS | time=5ms
2023.11.10 12:57:37 INFO  ce[AYu5TyIloHkafef8rVWw][o.s.c.t.s.ComputationStepExecutor] Load quality profiles | status=SUCCESS | time=162ms
2023.11.10 12:57:37 INFO  ce[AYu5TyIloHkafef8rVWw][o.s.c.t.s.ComputationStepExecutor] Load Quality gate | status=SUCCESS | time=11ms
2023.11.10 12:57:37 INFO  ce[AYu5TyIloHkafef8rVWw][o.s.c.t.s.ComputationStepExecutor] Load new code period | status=SUCCESS | time=14ms
2023.11.10 12:57:37 INFO  ce[AYu5TyIloHkafef8rVWw][o.s.c.t.s.ComputationStepExecutor] Detect file moves | reportFiles=2803 | dbFiles=2870 | addedFiles=0 | status=SUCCESS | time=38ms
2023.11.10 12:57:37 INFO  ce[AYu5TyIloHkafef8rVWw][o.s.c.t.s.ComputationStepExecutor] Load duplications | duplications=7355 | status=SUCCESS | time=317ms
2023.11.10 12:57:37 INFO  ce[AYu5TyIloHkafef8rVWw][o.s.c.t.s.ComputationStepExecutor] Compute cross project duplications | status=SUCCESS | time=0ms
2023.11.10 12:57:37 INFO  ce[AYu5TyIloHkafef8rVWw][o.s.c.t.s.ComputationStepExecutor] Compute size measures | status=SUCCESS | time=190ms
2023.11.10 12:57:40 INFO  ce[AYu5TyIloHkafef8rVWw][o.s.c.t.s.ComputationStepExecutor] Compute new coverage | status=SUCCESS | time=3128ms
2023.11.10 12:57:41 INFO  ce[AYu5TyIloHkafef8rVWw][o.s.c.t.s.ComputationStepExecutor] Compute coverage measures | status=SUCCESS | time=204ms
2023.11.10 12:57:41 INFO  ce[AYu5TyIloHkafef8rVWw][o.s.c.t.s.ComputationStepExecutor] Compute comment measures | status=SUCCESS | time=31ms
2023.11.10 12:57:41 INFO  ce[AYu5TyIloHkafef8rVWw][o.s.c.t.s.ComputationStepExecutor] Copy custom measures | status=SUCCESS | time=4ms
2023.11.10 12:57:41 INFO  ce[AYu5TyIloHkafef8rVWw][o.s.c.t.s.ComputationStepExecutor] Compute duplication measures | status=SUCCESS | time=37ms
2023.11.10 12:57:41 INFO  ce[AYu5TyIloHkafef8rVWw][o.s.c.t.s.ComputationStepExecutor] Compute size measures on new code | status=SUCCESS | time=66ms
2023.11.10 12:57:41 INFO  ce[AYu5TyIloHkafef8rVWw][o.s.c.t.s.ComputationStepExecutor] Compute language distribution | status=SUCCESS | time=32ms
2023.11.10 12:57:41 INFO  ce[AYu5TyIloHkafef8rVWw][o.s.c.t.s.ComputationStepExecutor] Compute test measures | status=SUCCESS | time=9ms
2023.11.10 12:57:41 INFO  ce[AYu5TyIloHkafef8rVWw][o.s.c.t.s.ComputationStepExecutor] Compute complexity measures | status=SUCCESS | time=16ms
2023.11.10 12:57:41 INFO  ce[AYu5TyIloHkafef8rVWw][o.s.c.t.s.ComputationStepExecutor] Load measure computers | status=SUCCESS | time=5ms
2023.11.10 12:57:41 INFO  ce[AYu5TyIloHkafef8rVWw][o.s.c.t.s.ComputationStepExecutor] Compute Quality Profile status | status=SUCCESS | time=33ms
2023.11.10 12:57:49 INFO  ce[AYu5TyIloHkafef8rVWw][o.s.c.t.s.ComputationStepExecutor] Execute component visitors | status=SUCCESS | time=8467ms
2023.11.10 12:57:49 INFO  ce[AYu5TyIloHkafef8rVWw][o.s.c.t.s.ComputationStepExecutor] Checks executed after computation of measures | status=SUCCESS | time=1ms
2023.11.10 12:57:49 INFO  ce[AYu5TyIloHkafef8rVWw][o.s.c.t.s.ComputationStepExecutor] Compute Quality Gate measures | status=SUCCESS | time=7ms
2023.11.10 12:57:49 INFO  ce[AYu5TyIloHkafef8rVWw][o.s.c.t.s.ComputationStepExecutor] Compute Quality profile measures | status=SUCCESS | time=6ms
2023.11.10 12:57:49 INFO  ce[AYu5TyIloHkafef8rVWw][o.s.c.t.s.ComputationStepExecutor] Generate Quality profile events | status=SUCCESS | time=5ms
2023.11.10 12:57:49 INFO  ce[AYu5TyIloHkafef8rVWw][o.s.c.t.s.ComputationStepExecutor] Generate Quality gate events | status=SUCCESS | time=4ms
2023.11.10 12:57:49 INFO  ce[AYu5TyIloHkafef8rVWw][o.s.c.t.s.ComputationStepExecutor] Persist components | status=SUCCESS | time=97ms
2023.11.10 12:57:49 INFO  ce[AYu5TyIloHkafef8rVWw][o.s.c.t.s.ComputationStepExecutor] Persist analysis | status=SUCCESS | time=5ms
2023.11.10 12:57:49 INFO  ce[AYu5TyIloHkafef8rVWw][o.s.c.t.s.ComputationStepExecutor] Persist analysis properties | status=SUCCESS | time=1ms
2023.11.10 12:57:49 INFO  ce[AYu5TyIloHkafef8rVWw][o.s.c.t.s.ComputationStepExecutor] Persist measures | inserts=103 | status=SUCCESS | time=12ms
2023.11.10 12:57:57 INFO  ce[AYu5TyIloHkafef8rVWw][o.s.c.t.s.ComputationStepExecutor] Persist live measures | insertsOrUpdates=157627 | status=SUCCESS | time=7836ms
2023.11.10 12:57:58 INFO  ce[AYu5TyIloHkafef8rVWw][o.s.c.t.s.ComputationStepExecutor] Persist duplication data | insertsOrUpdates=909 | status=SUCCESS | time=830ms
2023.11.10 12:57:58 INFO  ce[AYu5TyIloHkafef8rVWw][o.s.c.t.s.ComputationStepExecutor] Persist new ad hoc Rules | status=SUCCESS | time=1ms
2023.11.10 12:58:18 INFO  ce[AYu5TyIloHkafef8rVWw][o.s.c.t.s.ComputationStepExecutor] Persist issues | inserts=0 | updates=1192 | merged=0 | untouched=31926 | status=SUCCESS | time=19656ms
2023.11.10 12:58:18 INFO  ce[AYu5TyIloHkafef8rVWw][o.s.c.t.s.ComputationStepExecutor] Persist project links | status=SUCCESS | time=4ms
2023.11.10 12:58:18 INFO  ce[AYu5TyIloHkafef8rVWw][o.s.c.t.s.ComputationStepExecutor] Persist events | status=SUCCESS | time=4ms
2023.11.10 12:58:21 INFO  ce[AYu5TyIloHkafef8rVWw][o.s.c.t.s.ComputationStepExecutor] Persist sources | status=SUCCESS | time=3560ms
2023.11.10 12:58:21 INFO  ce[AYu5TyIloHkafef8rVWw][o.s.c.t.s.ComputationStepExecutor] Persist cross project duplications | status=SUCCESS | time=0ms
2023.11.10 12:58:21 INFO  ce[AYu5TyIloHkafef8rVWw][o.s.c.t.s.ComputationStepExecutor] Enable analysis | status=SUCCESS | time=10ms
2023.11.10 12:58:21 INFO  ce[AYu5TyIloHkafef8rVWw][o.s.c.t.s.ComputationStepExecutor] Update last usage date of quality profiles | status=SUCCESS | time=4ms
2023.11.10 12:58:22 INFO  ce[AYu5TyIloHkafef8rVWw][o.s.c.t.s.ComputationStepExecutor] Purge db | status=SUCCESS | time=351ms
2023.11.10 12:58:29 INFO  ce[AYu5TyIloHkafef8rVWw][o.s.c.t.s.ComputationStepExecutor] Index analysis | status=SUCCESS | time=7401ms
2023.11.10 12:58:29 INFO  ce[AYu5TyIloHkafef8rVWw][o.s.c.t.s.ComputationStepExecutor] Send issue notifications | newIssuesNotifs=0 | newIssuesDeliveries=0 | myNewIssuesNotifs=0 | myNewIssuesDeliveries=0 | changesNotifs=0 | changesDeliveries=0 | status=SUCCESS | time=2ms
2023.11.10 12:58:29 INFO  ce[AYu5TyIloHkafef8rVWw][o.s.c.t.s.ComputationStepExecutor] Publish task results | status=SUCCESS | time=0ms
2023.11.10 12:58:29 INFO  ce[AYu5TyIloHkafef8rVWw][o.s.c.t.s.ComputationStepExecutor] Trigger refresh of Portfolios and Applications | status=SUCCESS | time=0ms
2023.11.10 12:58:30 INFO  ce[AYu5TyIloHkafef8rVWw][o.s.c.t.CeWorkerImpl] Executed task | project=VGF | type=REPORT | id=AYu5TyIloHkafef8rVWw | status=SUCCESS | time=55156ms
2023.11.10 13:03:06 INFO  ce[][o.s.c.t.CeWorkerImpl] Execute task | project=VGF | type=REPORT | id=AYu5VDMRoHkafef8rVWx
2023.11.10 13:03:07 INFO  ce[AYu5VDMRoHkafef8rVWx][o.s.c.t.s.ComputationStepExecutor] Extract report | status=SUCCESS | time=935ms
2023.11.10 13:03:07 INFO  ce[AYu5VDMRoHkafef8rVWx][o.s.c.t.s.ComputationStepExecutor] Persist scanner context | status=SUCCESS | time=6ms
2023.11.10 13:03:07 INFO  ce[AYu5VDMRoHkafef8rVWx][o.s.c.t.s.ComputationStepExecutor] Propagate analysis warnings from scanner report | status=SUCCESS | time=2ms
2023.11.10 13:03:07 INFO  ce[AYu5VDMRoHkafef8rVWx][o.s.c.t.s.ComputationStepExecutor] Execute DB migrations for current project | status=SUCCESS | time=4ms
2023.11.10 13:03:07 INFO  ce[AYu5VDMRoHkafef8rVWx][o.s.c.t.s.ComputationStepExecutor] Generate analysis UUID | status=SUCCESS | time=0ms
2023.11.10 13:03:07 INFO  ce[AYu5VDMRoHkafef8rVWx][o.s.c.t.s.ComputationStepExecutor] Load analysis metadata | status=SUCCESS | time=10ms
2023.11.10 13:03:07 INFO  ce[AYu5VDMRoHkafef8rVWx][o.s.c.t.s.ComputationStepExecutor] Initialize | status=SUCCESS | time=0ms
2023.11.10 13:03:07 INFO  ce[AYu5VDMRoHkafef8rVWx][o.s.c.t.s.ComputationStepExecutor] Verify billing | status=SUCCESS | time=0ms
2023.11.10 13:03:07 INFO  ce[AYu5VDMRoHkafef8rVWx][o.s.c.t.s.ComputationStepExecutor] Build tree of components | components=2244 | status=SUCCESS | time=131ms
2023.11.10 13:03:07 INFO  ce[AYu5VDMRoHkafef8rVWx][o.s.c.t.s.ComputationStepExecutor] Validate project | status=SUCCESS | time=3ms
2023.11.10 13:03:07 INFO  ce[AYu5VDMRoHkafef8rVWx][o.s.c.t.s.ComputationStepExecutor] Load quality profiles | status=SUCCESS | time=71ms
2023.11.10 13:03:07 INFO  ce[AYu5VDMRoHkafef8rVWx][o.s.c.t.s.ComputationStepExecutor] Load Quality gate | status=SUCCESS | time=4ms
2023.11.10 13:03:07 INFO  ce[AYu5VDMRoHkafef8rVWx][o.s.c.t.s.ComputationStepExecutor] Load new code period | status=SUCCESS | time=2ms
2023.11.10 13:03:07 INFO  ce[AYu5VDMRoHkafef8rVWx][o.s.c.t.s.ComputationStepExecutor] Detect file moves | reportFiles=1721 | dbFiles=2803 | addedFiles=0 | status=SUCCESS | time=20ms
2023.11.10 13:03:07 INFO  ce[AYu5VDMRoHkafef8rVWx][o.s.c.t.s.ComputationStepExecutor] Load duplications | duplications=1561 | status=SUCCESS | time=32ms
2023.11.10 13:03:07 INFO  ce[AYu5VDMRoHkafef8rVWx][o.s.c.t.s.ComputationStepExecutor] Compute cross project duplications | status=SUCCESS | time=0ms
2023.11.10 13:03:07 INFO  ce[AYu5VDMRoHkafef8rVWx][o.s.c.t.s.ComputationStepExecutor] Compute size measures | status=SUCCESS | time=63ms
2023.11.10 13:03:09 INFO  ce[AYu5VDMRoHkafef8rVWx][o.s.c.t.s.ComputationStepExecutor] Compute new coverage | status=SUCCESS | time=1425ms
2023.11.10 13:03:09 INFO  ce[AYu5VDMRoHkafef8rVWx][o.s.c.t.s.ComputationStepExecutor] Compute coverage measures | status=SUCCESS | time=132ms
2023.11.10 13:03:09 INFO  ce[AYu5VDMRoHkafef8rVWx][o.s.c.t.s.ComputationStepExecutor] Compute comment measures | status=SUCCESS | time=5ms
2023.11.10 13:03:09 INFO  ce[AYu5VDMRoHkafef8rVWx][o.s.c.t.s.ComputationStepExecutor] Copy custom measures | status=SUCCESS | time=1ms
2023.11.10 13:03:09 INFO  ce[AYu5VDMRoHkafef8rVWx][o.s.c.t.s.ComputationStepExecutor] Compute duplication measures | status=SUCCESS | time=7ms
2023.11.10 13:03:09 INFO  ce[AYu5VDMRoHkafef8rVWx][o.s.c.t.s.ComputationStepExecutor] Compute size measures on new code | status=SUCCESS | time=17ms
2023.11.10 13:03:09 INFO  ce[AYu5VDMRoHkafef8rVWx][o.s.c.t.s.ComputationStepExecutor] Compute language distribution | status=SUCCESS | time=17ms
2023.11.10 13:03:09 INFO  ce[AYu5VDMRoHkafef8rVWx][o.s.c.t.s.ComputationStepExecutor] Compute test measures | status=SUCCESS | time=3ms
2023.11.10 13:03:09 INFO  ce[AYu5VDMRoHkafef8rVWx][o.s.c.t.s.ComputationStepExecutor] Compute complexity measures | status=SUCCESS | time=7ms
2023.11.10 13:03:09 INFO  ce[AYu5VDMRoHkafef8rVWx][o.s.c.t.s.ComputationStepExecutor] Load measure computers | status=SUCCESS | time=2ms
2023.11.10 13:03:09 INFO  ce[AYu5VDMRoHkafef8rVWx][o.s.c.t.s.ComputationStepExecutor] Compute Quality Profile status | status=SUCCESS | time=4ms
2023.11.10 13:03:24 INFO  ce[AYu5VDMRoHkafef8rVWx][o.s.c.t.s.ComputationStepExecutor] Execute component visitors | status=SUCCESS | time=14899ms
2023.11.10 13:03:24 INFO  ce[AYu5VDMRoHkafef8rVWx][o.s.c.t.s.ComputationStepExecutor] Checks executed after computation of measures | status=SUCCESS | time=0ms
2023.11.10 13:03:24 INFO  ce[AYu5VDMRoHkafef8rVWx][o.s.c.t.s.ComputationStepExecutor] Compute Quality Gate measures | status=SUCCESS | time=1ms
2023.11.10 13:03:24 INFO  ce[AYu5VDMRoHkafef8rVWx][o.s.c.t.s.ComputationStepExecutor] Compute Quality profile measures | status=SUCCESS | time=3ms
2023.11.10 13:03:24 INFO  ce[AYu5VDMRoHkafef8rVWx][o.s.c.t.s.ComputationStepExecutor] Generate Quality profile events | status=SUCCESS | time=2ms
2023.11.10 13:03:24 INFO  ce[AYu5VDMRoHkafef8rVWx][o.s.c.t.s.ComputationStepExecutor] Generate Quality gate events | status=SUCCESS | time=0ms
2023.11.10 13:03:24 INFO  ce[AYu5VDMRoHkafef8rVWx][o.s.c.t.s.ComputationStepExecutor] Persist components | status=SUCCESS | time=131ms
2023.11.10 13:03:24 INFO  ce[AYu5VDMRoHkafef8rVWx][o.s.c.t.s.ComputationStepExecutor] Persist analysis | status=SUCCESS | time=2ms
2023.11.10 13:03:24 INFO  ce[AYu5VDMRoHkafef8rVWx][o.s.c.t.s.ComputationStepExecutor] Persist analysis properties | status=SUCCESS | time=1ms
2023.11.10 13:03:24 INFO  ce[AYu5VDMRoHkafef8rVWx][o.s.c.t.s.ComputationStepExecutor] Persist measures | inserts=103 | status=SUCCESS | time=13ms
2023.11.10 13:03:31 INFO  ce[AYu5VDMRoHkafef8rVWx][o.s.c.t.s.ComputationStepExecutor] Persist live measures | insertsOrUpdates=109644 | status=SUCCESS | time=6737ms
2023.11.10 13:03:31 INFO  ce[AYu5VDMRoHkafef8rVWx][o.s.c.t.s.ComputationStepExecutor] Persist duplication data | insertsOrUpdates=404 | status=SUCCESS | time=36ms
2023.11.10 13:03:31 INFO  ce[AYu5VDMRoHkafef8rVWx][o.s.c.t.s.ComputationStepExecutor] Persist new ad hoc Rules | status=SUCCESS | time=0ms
2023.11.10 13:04:00 INFO  ce[AYu5VDMRoHkafef8rVWx][o.s.c.t.s.ComputationStepExecutor] Persist issues | inserts=0 | updates=20173 | merged=0 | untouched=11809 | status=SUCCESS | time=29188ms
2023.11.10 13:04:00 INFO  ce[AYu5VDMRoHkafef8rVWx][o.s.c.t.s.ComputationStepExecutor] Persist project links | status=SUCCESS | time=3ms
2023.11.10 13:04:00 INFO  ce[AYu5VDMRoHkafef8rVWx][o.s.c.t.s.ComputationStepExecutor] Persist events | status=SUCCESS | time=4ms
2023.11.10 13:04:03 INFO  ce[AYu5VDMRoHkafef8rVWx][o.s.c.t.s.ComputationStepExecutor] Persist sources | status=SUCCESS | time=2785ms
2023.11.10 13:04:03 INFO  ce[AYu5VDMRoHkafef8rVWx][o.s.c.t.s.ComputationStepExecutor] Persist cross project duplications | status=SUCCESS | time=0ms
2023.11.10 13:04:03 INFO  ce[AYu5VDMRoHkafef8rVWx][o.s.c.t.s.ComputationStepExecutor] Enable analysis | status=SUCCESS | time=49ms
2023.11.10 13:04:03 INFO  ce[AYu5VDMRoHkafef8rVWx][o.s.c.t.s.ComputationStepExecutor] Update last usage date of quality profiles | status=SUCCESS | time=6ms
2023.11.10 13:04:03 INFO  ce[AYu5VDMRoHkafef8rVWx][o.s.c.t.s.ComputationStepExecutor] Purge db | status=SUCCESS | time=480ms
2023.11.10 13:04:09 INFO  ce[AYu5VDMRoHkafef8rVWx][o.s.c.t.s.ComputationStepExecutor] Index analysis | status=SUCCESS | time=5424ms
2023.11.10 13:04:09 INFO  ce[AYu5VDMRoHkafef8rVWx][o.s.c.t.s.ComputationStepExecutor] Send issue notifications | newIssuesNotifs=0 | newIssuesDeliveries=0 | myNewIssuesNotifs=0 | myNewIssuesDeliveries=0 | changesNotifs=0 | changesDeliveries=0 | status=SUCCESS | time=1ms
2023.11.10 13:04:09 INFO  ce[AYu5VDMRoHkafef8rVWx][o.s.c.t.s.ComputationStepExecutor] Publish task results | status=SUCCESS | time=0ms
2023.11.10 13:04:09 INFO  ce[AYu5VDMRoHkafef8rVWx][o.s.c.t.s.ComputationStepExecutor] Trigger refresh of Portfolios and Applications | status=SUCCESS | time=0ms
2023.11.10 13:04:09 INFO  ce[AYu5VDMRoHkafef8rVWx][o.s.c.t.CeWorkerImpl] Executed task | project=VGF | type=REPORT | id=AYu5VDMRoHkafef8rVWx | status=SUCCESS | time=63135ms
2023.11.10 13:36:07 INFO  ce[][o.s.c.t.CeWorkerImpl] Execute task | project=VGF | type=REPORT | id=AYu5cmu-oHkafef8rVWz
2023.11.10 13:36:09 INFO  ce[AYu5cmu-oHkafef8rVWz][o.s.c.t.s.ComputationStepExecutor] Extract report | status=SUCCESS | time=1330ms
2023.11.10 13:36:09 INFO  ce[AYu5cmu-oHkafef8rVWz][o.s.c.t.s.ComputationStepExecutor] Persist scanner context | status=SUCCESS | time=10ms
2023.11.10 13:36:09 INFO  ce[AYu5cmu-oHkafef8rVWz][o.s.c.t.s.ComputationStepExecutor] Propagate analysis warnings from scanner report | status=SUCCESS | time=6ms
2023.11.10 13:36:09 INFO  ce[AYu5cmu-oHkafef8rVWz][o.s.c.t.s.ComputationStepExecutor] Execute DB migrations for current project | status=SUCCESS | time=10ms
2023.11.10 13:36:09 INFO  ce[AYu5cmu-oHkafef8rVWz][o.s.c.t.s.ComputationStepExecutor] Generate analysis UUID | status=SUCCESS | time=0ms
2023.11.10 13:36:09 INFO  ce[AYu5cmu-oHkafef8rVWz][o.s.c.t.s.ComputationStepExecutor] Load analysis metadata | status=SUCCESS | time=51ms
2023.11.10 13:36:09 INFO  ce[AYu5cmu-oHkafef8rVWz][o.s.c.t.s.ComputationStepExecutor] Initialize | status=SUCCESS | time=0ms
2023.11.10 13:36:09 INFO  ce[AYu5cmu-oHkafef8rVWz][o.s.c.t.s.ComputationStepExecutor] Verify billing | status=SUCCESS | time=1ms
2023.11.10 13:36:09 INFO  ce[AYu5cmu-oHkafef8rVWz][o.s.c.t.s.ComputationStepExecutor] Build tree of components | components=2039 | status=SUCCESS | time=299ms
2023.11.10 13:36:09 INFO  ce[AYu5cmu-oHkafef8rVWz][o.s.c.t.s.ComputationStepExecutor] Validate project | status=SUCCESS | time=3ms
2023.11.10 13:36:09 INFO  ce[AYu5cmu-oHkafef8rVWz][o.s.c.t.s.ComputationStepExecutor] Load quality profiles | status=SUCCESS | time=66ms
2023.11.10 13:36:09 INFO  ce[AYu5cmu-oHkafef8rVWz][o.s.c.t.s.ComputationStepExecutor] Load Quality gate | status=SUCCESS | time=12ms
2023.11.10 13:36:09 INFO  ce[AYu5cmu-oHkafef8rVWz][o.s.c.t.s.ComputationStepExecutor] Load new code period | status=SUCCESS | time=8ms
2023.11.10 13:36:09 INFO  ce[AYu5cmu-oHkafef8rVWz][o.s.c.t.s.ComputationStepExecutor] Detect file moves | reportFiles=1543 | dbFiles=1721 | addedFiles=0 | status=SUCCESS | time=26ms
2023.11.10 13:36:09 INFO  ce[AYu5cmu-oHkafef8rVWz][o.s.c.t.s.ComputationStepExecutor] Load duplications | duplications=984 | status=SUCCESS | time=46ms
2023.11.10 13:36:09 INFO  ce[AYu5cmu-oHkafef8rVWz][o.s.c.t.s.ComputationStepExecutor] Compute cross project duplications | status=SUCCESS | time=0ms
2023.11.10 13:36:09 INFO  ce[AYu5cmu-oHkafef8rVWz][o.s.c.t.s.ComputationStepExecutor] Compute size measures | status=SUCCESS | time=73ms
2023.11.10 13:36:11 INFO  ce[AYu5cmu-oHkafef8rVWz][o.s.c.t.s.ComputationStepExecutor] Compute new coverage | status=SUCCESS | time=1378ms
2023.11.10 13:36:11 INFO  ce[AYu5cmu-oHkafef8rVWz][o.s.c.t.s.ComputationStepExecutor] Compute coverage measures | status=SUCCESS | time=123ms
2023.11.10 13:36:11 INFO  ce[AYu5cmu-oHkafef8rVWz][o.s.c.t.s.ComputationStepExecutor] Compute comment measures | status=SUCCESS | time=7ms
2023.11.10 13:36:11 INFO  ce[AYu5cmu-oHkafef8rVWz][o.s.c.t.s.ComputationStepExecutor] Copy custom measures | status=SUCCESS | time=4ms
2023.11.10 13:36:11 INFO  ce[AYu5cmu-oHkafef8rVWz][o.s.c.t.s.ComputationStepExecutor] Compute duplication measures | status=SUCCESS | time=16ms
2023.11.10 13:36:11 INFO  ce[AYu5cmu-oHkafef8rVWz][o.s.c.t.s.ComputationStepExecutor] Compute size measures on new code | status=SUCCESS | time=7ms
2023.11.10 13:36:11 INFO  ce[AYu5cmu-oHkafef8rVWz][o.s.c.t.s.ComputationStepExecutor] Compute language distribution | status=SUCCESS | time=10ms
2023.11.10 13:36:11 INFO  ce[AYu5cmu-oHkafef8rVWz][o.s.c.t.s.ComputationStepExecutor] Compute test measures | status=SUCCESS | time=2ms
2023.11.10 13:36:11 INFO  ce[AYu5cmu-oHkafef8rVWz][o.s.c.t.s.ComputationStepExecutor] Compute complexity measures | status=SUCCESS | time=8ms
2023.11.10 13:36:11 INFO  ce[AYu5cmu-oHkafef8rVWz][o.s.c.t.s.ComputationStepExecutor] Load measure computers | status=SUCCESS | time=1ms
2023.11.10 13:36:11 INFO  ce[AYu5cmu-oHkafef8rVWz][o.s.c.t.s.ComputationStepExecutor] Compute Quality Profile status | status=SUCCESS | time=11ms
2023.11.10 13:36:16 INFO  ce[AYu5cmu-oHkafef8rVWz][o.s.c.t.s.ComputationStepExecutor] Execute component visitors | status=SUCCESS | time=4928ms
2023.11.10 13:36:16 INFO  ce[AYu5cmu-oHkafef8rVWz][o.s.c.t.s.ComputationStepExecutor] Checks executed after computation of measures | status=SUCCESS | time=0ms
2023.11.10 13:36:16 INFO  ce[AYu5cmu-oHkafef8rVWz][o.s.c.t.s.ComputationStepExecutor] Compute Quality Gate measures | status=SUCCESS | time=1ms
2023.11.10 13:36:16 INFO  ce[AYu5cmu-oHkafef8rVWz][o.s.c.t.s.ComputationStepExecutor] Compute Quality profile measures | status=SUCCESS | time=2ms
2023.11.10 13:36:16 INFO  ce[AYu5cmu-oHkafef8rVWz][o.s.c.t.s.ComputationStepExecutor] Generate Quality profile events | status=SUCCESS | time=2ms
2023.11.10 13:36:16 INFO  ce[AYu5cmu-oHkafef8rVWz][o.s.c.t.s.ComputationStepExecutor] Generate Quality gate events | status=SUCCESS | time=1ms
2023.11.10 13:36:16 INFO  ce[AYu5cmu-oHkafef8rVWz][o.s.c.t.s.ComputationStepExecutor] Persist components | status=SUCCESS | time=72ms
2023.11.10 13:36:16 INFO  ce[AYu5cmu-oHkafef8rVWz][o.s.c.t.s.ComputationStepExecutor] Persist analysis | status=SUCCESS | time=4ms
2023.11.10 13:36:16 INFO  ce[AYu5cmu-oHkafef8rVWz][o.s.c.t.s.ComputationStepExecutor] Persist analysis properties | status=SUCCESS | time=1ms
2023.11.10 13:36:16 INFO  ce[AYu5cmu-oHkafef8rVWz][o.s.c.t.s.ComputationStepExecutor] Persist measures | inserts=103 | status=SUCCESS | time=8ms
2023.11.10 13:36:21 INFO  ce[AYu5cmu-oHkafef8rVWz][o.s.c.t.s.ComputationStepExecutor] Persist live measures | insertsOrUpdates=100416 | status=SUCCESS | time=5518ms
2023.11.10 13:36:21 INFO  ce[AYu5cmu-oHkafef8rVWz][o.s.c.t.s.ComputationStepExecutor] Persist duplication data | insertsOrUpdates=303 | status=SUCCESS | time=35ms
2023.11.10 13:36:21 INFO  ce[AYu5cmu-oHkafef8rVWz][o.s.c.t.s.ComputationStepExecutor] Persist new ad hoc Rules | status=SUCCESS | time=0ms
2023.11.10 13:36:30 INFO  ce[AYu5cmu-oHkafef8rVWz][o.s.c.t.s.ComputationStepExecutor] Persist issues | inserts=0 | updates=3678 | merged=0 | untouched=8203 | status=SUCCESS | time=8945ms
2023.11.10 13:36:30 INFO  ce[AYu5cmu-oHkafef8rVWz][o.s.c.t.s.ComputationStepExecutor] Persist project links | status=SUCCESS | time=3ms
2023.11.10 13:36:30 INFO  ce[AYu5cmu-oHkafef8rVWz][o.s.c.t.s.ComputationStepExecutor] Persist events | status=SUCCESS | time=4ms
2023.11.10 13:36:32 INFO  ce[AYu5cmu-oHkafef8rVWz][o.s.c.t.s.ComputationStepExecutor] Persist sources | status=SUCCESS | time=1131ms
2023.11.10 13:36:32 INFO  ce[AYu5cmu-oHkafef8rVWz][o.s.c.t.s.ComputationStepExecutor] Persist cross project duplications | status=SUCCESS | time=0ms
2023.11.10 13:36:32 INFO  ce[AYu5cmu-oHkafef8rVWz][o.s.c.t.s.ComputationStepExecutor] Enable analysis | status=SUCCESS | time=11ms
2023.11.10 13:36:32 INFO  ce[AYu5cmu-oHkafef8rVWz][o.s.c.t.s.ComputationStepExecutor] Update last usage date of quality profiles | status=SUCCESS | time=6ms
2023.11.10 13:36:32 INFO  ce[AYu5cmu-oHkafef8rVWz][o.s.c.t.s.ComputationStepExecutor] Purge db | status=SUCCESS | time=454ms
2023.11.10 13:36:37 INFO  ce[AYu5cmu-oHkafef8rVWz][o.s.c.t.s.ComputationStepExecutor] Index analysis | status=SUCCESS | time=4523ms
2023.11.10 13:36:37 INFO  ce[AYu5cmu-oHkafef8rVWz][o.s.c.t.s.ComputationStepExecutor] Send issue notifications | newIssuesNotifs=0 | newIssuesDeliveries=0 | myNewIssuesNotifs=0 | myNewIssuesDeliveries=0 | changesNotifs=0 | changesDeliveries=0 | status=SUCCESS | time=2ms
2023.11.10 13:36:37 INFO  ce[AYu5cmu-oHkafef8rVWz][o.s.c.t.s.ComputationStepExecutor] Publish task results | status=SUCCESS | time=0ms
2023.11.10 13:36:37 INFO  ce[AYu5cmu-oHkafef8rVWz][o.s.c.t.s.ComputationStepExecutor] Trigger refresh of Portfolios and Applications | status=SUCCESS | time=0ms
2023.11.10 13:36:37 INFO  ce[AYu5cmu-oHkafef8rVWz][o.s.c.t.CeWorkerImpl] Executed task | project=VGF | type=REPORT | id=AYu5cmu-oHkafef8rVWz | status=SUCCESS | time=29649ms
2023.11.10 15:20:05 INFO  ce[][o.s.p.ProcessEntryPoint] Gracefully stopping process
2023.11.10 15:20:05 INFO  ce[][o.s.ce.app.CeServer] Compute Engine is stopping...
2023.11.10 15:20:05 INFO  ce[][o.s.c.t.CeProcessingSchedulerImpl] Gracefully stopping workers...
2023.11.10 15:20:05 INFO  ce[][o.s.ce.app.CeServer] Compute Engine is stopped
