2023.06.06 15:42:56 INFO  es[][o.e.e.NodeEnvironment] using [1] data paths, mounts [[/opt/sonarqube/data (/dev/sda3)]], net usable_space [37.2gb], net total_space [58.2gb], types [ext4]
2023.06.06 15:42:56 INFO  es[][o.e.e.NodeEnvironment] heap size [495.3mb], compressed ordinary object pointers [true]
2023.06.06 15:42:56 INFO  es[][o.e.n.Node] node name [sonarqube], node ID [SiUiuVkeQNyvnX6zkKbJvg]
2023.06.06 15:42:56 INFO  es[][o.e.n.Node] version[6.8.0], pid[27], build[default/tar/65b6179/2019-05-15T20:06:13.172855Z], OS[Linux/5.19.0-43-generic/amd64], JVM[Oracle Corporation/OpenJDK 64-Bit Server VM/11.0.5/11.0.5+10]
2023.06.06 15:42:56 INFO  es[][o.e.n.Node] JVM arguments [-XX:+UseConcMarkSweepGC, -XX:CMSInitiatingOccupancyFraction=75, -XX:+UseCMSInitiatingOccupancyOnly, -Des.networkaddress.cache.ttl=60, -Des.networkaddress.cache.negative.ttl=10, -XX:+AlwaysPreTouch, -Xss1m, -Djava.awt.headless=true, -Dfile.encoding=UTF-8, -Djna.nosys=true, -XX:-OmitStackTraceInFastThrow, -Dio.netty.noUnsafe=true, -Dio.netty.noKeySetOptimization=true, -Dio.netty.recycler.maxCapacityPerThread=0, -Dlog4j.shutdownHookEnabled=false, -Dlog4j2.disable.jmx=true, -Djava.io.tmpdir=/opt/sonarqube/temp, -XX:ErrorFile=../logs/es_hs_err_pid%p.log, -Des.enforce.bootstrap.checks=true, -Xms512m, -Xmx512m, -XX:+HeapDumpOnOutOfMemoryError, -Des.path.home=/opt/sonarqube/elasticsearch, -Des.path.conf=/opt/sonarqube/temp/conf/es, -Des.distribution.flavor=default, -Des.distribution.type=tar]
2023.06.06 15:42:57 INFO  es[][o.e.p.PluginsService] loaded module [analysis-common]
2023.06.06 15:42:57 INFO  es[][o.e.p.PluginsService] loaded module [lang-painless]
2023.06.06 15:42:57 INFO  es[][o.e.p.PluginsService] loaded module [mapper-extras]
2023.06.06 15:42:57 INFO  es[][o.e.p.PluginsService] loaded module [parent-join]
2023.06.06 15:42:57 INFO  es[][o.e.p.PluginsService] loaded module [percolator]
2023.06.06 15:42:57 INFO  es[][o.e.p.PluginsService] loaded module [reindex]
2023.06.06 15:42:57 INFO  es[][o.e.p.PluginsService] loaded module [repository-url]
2023.06.06 15:42:57 INFO  es[][o.e.p.PluginsService] loaded module [transport-netty4]
2023.06.06 15:42:57 INFO  es[][o.e.p.PluginsService] no plugins loaded
2023.06.06 15:42:58 WARN  es[][o.e.d.c.s.Settings] [http.enabled] setting was deprecated in Elasticsearch and will be removed in a future release! See the breaking changes documentation for the next major version.
2023.06.06 15:42:58 INFO  es[][o.e.d.DiscoveryModule] using discovery type [zen] and host providers [settings]
2023.06.06 15:42:59 INFO  es[][o.e.n.Node] initialized
2023.06.06 15:42:59 INFO  es[][o.e.n.Node] starting ...
2023.06.06 15:42:59 INFO  es[][o.e.t.TransportService] publish_address {127.0.0.1:9001}, bound_addresses {127.0.0.1:9001}
2023.06.06 15:42:59 INFO  es[][o.e.b.BootstrapChecks] explicitly enforcing bootstrap checks
2023.06.06 15:42:59 ERROR es[][o.e.b.Bootstrap] node validation exception
[1] bootstrap checks failed
[1]: max virtual memory areas vm.max_map_count [65530] is too low, increase to at least [262144]
2023.06.06 15:42:59 INFO  es[][o.e.n.Node] stopping ...
2023.06.06 15:42:59 INFO  es[][o.e.n.Node] stopped
2023.06.06 15:42:59 INFO  es[][o.e.n.Node] closing ...
2023.06.06 15:42:59 INFO  es[][o.e.n.Node] closed
2023.06.06 15:46:30 INFO  es[][o.e.e.NodeEnvironment] using [1] data paths, mounts [[/opt/sonarqube/data (/dev/sda3)]], net usable_space [37.2gb], net total_space [58.2gb], types [ext4]
2023.06.06 15:46:30 INFO  es[][o.e.e.NodeEnvironment] heap size [495.3mb], compressed ordinary object pointers [true]
2023.06.06 15:46:30 INFO  es[][o.e.n.Node] node name [sonarqube], node ID [SiUiuVkeQNyvnX6zkKbJvg]
2023.06.06 15:46:30 INFO  es[][o.e.n.Node] version[6.8.0], pid[27], build[default/tar/65b6179/2019-05-15T20:06:13.172855Z], OS[Linux/5.19.0-43-generic/amd64], JVM[Oracle Corporation/OpenJDK 64-Bit Server VM/11.0.5/11.0.5+10]
2023.06.06 15:46:30 INFO  es[][o.e.n.Node] JVM arguments [-XX:+UseConcMarkSweepGC, -XX:CMSInitiatingOccupancyFraction=75, -XX:+UseCMSInitiatingOccupancyOnly, -Des.networkaddress.cache.ttl=60, -Des.networkaddress.cache.negative.ttl=10, -XX:+AlwaysPreTouch, -Xss1m, -Djava.awt.headless=true, -Dfile.encoding=UTF-8, -Djna.nosys=true, -XX:-OmitStackTraceInFastThrow, -Dio.netty.noUnsafe=true, -Dio.netty.noKeySetOptimization=true, -Dio.netty.recycler.maxCapacityPerThread=0, -Dlog4j.shutdownHookEnabled=false, -Dlog4j2.disable.jmx=true, -Djava.io.tmpdir=/opt/sonarqube/temp, -XX:ErrorFile=../logs/es_hs_err_pid%p.log, -Des.enforce.bootstrap.checks=true, -Xms512m, -Xmx512m, -XX:+HeapDumpOnOutOfMemoryError, -Des.path.home=/opt/sonarqube/elasticsearch, -Des.path.conf=/opt/sonarqube/temp/conf/es, -Des.distribution.flavor=default, -Des.distribution.type=tar]
2023.06.06 15:46:31 INFO  es[][o.e.p.PluginsService] loaded module [analysis-common]
2023.06.06 15:46:31 INFO  es[][o.e.p.PluginsService] loaded module [lang-painless]
2023.06.06 15:46:31 INFO  es[][o.e.p.PluginsService] loaded module [mapper-extras]
2023.06.06 15:46:31 INFO  es[][o.e.p.PluginsService] loaded module [parent-join]
2023.06.06 15:46:31 INFO  es[][o.e.p.PluginsService] loaded module [percolator]
2023.06.06 15:46:31 INFO  es[][o.e.p.PluginsService] loaded module [reindex]
2023.06.06 15:46:31 INFO  es[][o.e.p.PluginsService] loaded module [repository-url]
2023.06.06 15:46:31 INFO  es[][o.e.p.PluginsService] loaded module [transport-netty4]
2023.06.06 15:46:31 INFO  es[][o.e.p.PluginsService] no plugins loaded
2023.06.06 15:46:33 WARN  es[][o.e.d.c.s.Settings] [http.enabled] setting was deprecated in Elasticsearch and will be removed in a future release! See the breaking changes documentation for the next major version.
2023.06.06 15:46:34 INFO  es[][o.e.d.DiscoveryModule] using discovery type [zen] and host providers [settings]
2023.06.06 15:46:35 INFO  es[][o.e.n.Node] initialized
2023.06.06 15:46:35 INFO  es[][o.e.n.Node] starting ...
2023.06.06 15:46:36 INFO  es[][o.e.t.TransportService] publish_address {127.0.0.1:9001}, bound_addresses {127.0.0.1:9001}
2023.06.06 15:46:36 INFO  es[][o.e.b.BootstrapChecks] explicitly enforcing bootstrap checks
2023.06.06 15:46:39 INFO  es[][o.e.c.s.MasterService] zen-disco-elected-as-master ([0] nodes joined), reason: new_master {sonarqube}{SiUiuVkeQNyvnX6zkKbJvg}{r8CdFc0QSSCukEVdAsf1Yw}{127.0.0.1}{127.0.0.1:9001}{rack_id=sonarqube}
2023.06.06 15:46:39 INFO  es[][o.e.c.s.ClusterApplierService] new_master {sonarqube}{SiUiuVkeQNyvnX6zkKbJvg}{r8CdFc0QSSCukEVdAsf1Yw}{127.0.0.1}{127.0.0.1:9001}{rack_id=sonarqube}, reason: apply cluster state (from master [master {sonarqube}{SiUiuVkeQNyvnX6zkKbJvg}{r8CdFc0QSSCukEVdAsf1Yw}{127.0.0.1}{127.0.0.1:9001}{rack_id=sonarqube} committed version [1] source [zen-disco-elected-as-master ([0] nodes joined)]])
2023.06.06 15:46:39 INFO  es[][o.e.n.Node] started
2023.06.06 15:46:39 INFO  es[][o.e.g.GatewayService] recovered [7] indices into cluster_state
2023.06.06 15:46:40 INFO  es[][o.e.c.r.a.AllocationService] Cluster health status changed from [RED] to [GREEN] (reason: [shards started [[metadatas][0]] ...]).
2023.06.06 15:46:47 INFO  es[][o.e.c.m.MetaDataDeleteIndexService] [users/rAJ89rzHQbq99aJhc4pCdQ] deleting index
2023.06.06 15:46:48 INFO  es[][o.e.c.m.MetaDataDeleteIndexService] [issues/1AsAzyXeTjqXfA0J2MgyLg] deleting index
2023.06.06 15:46:48 INFO  es[][o.e.c.m.MetaDataDeleteIndexService] [rules/SiCccFSETdecJu_4C1S_3Q] deleting index
2023.06.06 15:46:50 INFO  es[][o.e.c.m.MetaDataCreateIndexService] [rules] creating index, cause [api], templates [], shards [2]/[0], mappings []
2023.06.06 15:46:50 INFO  es[][o.e.c.r.a.AllocationService] Cluster health status changed from [YELLOW] to [GREEN] (reason: [shards started [[rules][1]] ...]).
2023.06.06 15:46:50 INFO  es[][o.e.c.m.MetaDataMappingService] [rules/DIkg19TtR-OaO0Bra8vIOQ] create_mapping [rule]
2023.06.06 15:46:51 INFO  es[][o.e.c.m.MetaDataCreateIndexService] [issues] creating index, cause [api], templates [], shards [5]/[0], mappings []
2023.06.06 15:46:51 INFO  es[][o.e.c.r.a.AllocationService] Cluster health status changed from [YELLOW] to [GREEN] (reason: [shards started [[issues][4]] ...]).
2023.06.06 15:46:51 INFO  es[][o.e.c.m.MetaDataMappingService] [issues/__0iTI3ISHqkyQ3EmdO7dQ] create_mapping [auth]
2023.06.06 15:46:51 INFO  es[][o.e.c.m.MetaDataCreateIndexService] [users] creating index, cause [api], templates [], shards [1]/[0], mappings []
2023.06.06 15:46:51 INFO  es[][o.e.c.r.a.AllocationService] Cluster health status changed from [YELLOW] to [GREEN] (reason: [shards started [[users][0]] ...]).
2023.06.06 15:46:51 INFO  es[][o.e.c.m.MetaDataMappingService] [users/xyHQoXlySUaHYYPjHiqlgQ] create_mapping [user]
2023.06.06 15:47:03 INFO  es[][o.e.c.s.IndexScopedSettings] updating [index.refresh_interval] from [30s] to [-1]
2023.06.06 15:47:03 INFO  es[][o.e.c.s.IndexScopedSettings] updating [index.refresh_interval] from [30s] to [-1]
2023.06.06 15:47:03 INFO  es[][o.e.c.s.IndexScopedSettings] updating [index.refresh_interval] from [-1] to [30s]
2023.06.06 15:47:03 INFO  es[][o.e.c.s.IndexScopedSettings] updating [index.refresh_interval] from [-1] to [30s]
