2023.06.07 06:47:43 INFO  app[][o.s.a.SchedulerImpl] Stopping SonarQube
2023.06.07 06:47:44 INFO  app[][o.s.a.SchedulerImpl] Process[ce] is stopped
2023.06.07 06:47:45 INFO  app[][o.s.a.SchedulerImpl] Process[web] is stopped
2023.06.07 06:47:46 WARN  app[][o.s.a.p.AbstractManagedProcess] Process exited with exit value [es]: 143
2023.06.07 06:47:46 INFO  app[][o.s.a.SchedulerImpl] Process[es] is stopped
2023.06.07 06:47:46 INFO  app[][o.s.a.SchedulerImpl] SonarQube is stopped
2023.06.07 10:21:44 INFO  app[][o.s.a.AppFileSystem] Cleaning or creating temp directory /opt/sonarqube/temp
2023.06.07 10:21:44 INFO  app[][o.s.a.es.EsSettings] Elasticsearch listening on /127.0.0.1:9001
2023.06.07 10:21:44 INFO  app[][o.s.a.ProcessLauncherImpl] Launch process[[key='es', ipcIndex=1, logFilenamePrefix=es]] from [/opt/sonarqube/elasticsearch]: /opt/sonarqube/elasticsearch/bin/elasticsearch
2023.06.07 10:21:44 INFO  app[][o.s.a.SchedulerImpl] Waiting for Elasticsearch to be up and running
2023.06.07 10:21:44 INFO  app[][o.e.p.PluginsService] no modules loaded
2023.06.07 10:21:44 INFO  app[][o.e.p.PluginsService] loaded plugin [org.elasticsearch.transport.Netty4Plugin]
2023.06.07 10:21:54 INFO  app[][o.s.a.SchedulerImpl] Process[es] is up
2023.06.07 10:21:54 INFO  app[][o.s.a.ProcessLauncherImpl] Launch process[[key='web', ipcIndex=2, logFilenamePrefix=web]] from [/opt/sonarqube]: /usr/local/openjdk-11/bin/java -Djava.awt.headless=true -Dfile.encoding=UTF-8 -Djava.io.tmpdir=/opt/sonarqube/temp --add-opens=java.base/java.util=ALL-UNNAMED --add-opens=java.base/java.lang=ALL-UNNAMED --add-opens=java.base/java.io=ALL-UNNAMED --add-opens=java.rmi/sun.rmi.transport=ALL-UNNAMED -Xmx512m -Xms128m -XX:+HeapDumpOnOutOfMemoryError -Djava.security.egd=file:/dev/./urandom -Dhttp.nonProxyHosts=localhost|127.*|[::1] -cp ./lib/common/*:/opt/sonarqube/lib/jdbc/postgresql/postgresql-42.2.5.jar org.sonar.server.app.WebServer /opt/sonarqube/temp/sq-process10110004835882855441properties
2023.06.07 10:22:05 INFO  app[][o.s.a.SchedulerImpl] Process[web] is up
2023.06.07 10:22:05 INFO  app[][o.s.a.ProcessLauncherImpl] Launch process[[key='ce', ipcIndex=3, logFilenamePrefix=ce]] from [/opt/sonarqube]: /usr/local/openjdk-11/bin/java -Djava.awt.headless=true -Dfile.encoding=UTF-8 -Djava.io.tmpdir=/opt/sonarqube/temp --add-opens=java.base/java.util=ALL-UNNAMED -Xmx512m -Xms128m -XX:+HeapDumpOnOutOfMemoryError -Dhttp.nonProxyHosts=localhost|127.*|[::1] -cp ./lib/common/*:/opt/sonarqube/lib/jdbc/postgresql/postgresql-42.2.5.jar org.sonar.ce.app.CeServer /opt/sonarqube/temp/sq-process7611636939256180747properties
2023.06.07 10:22:09 INFO  app[][o.s.a.SchedulerImpl] Process[ce] is up
2023.06.07 10:22:09 INFO  app[][o.s.a.SchedulerImpl] SonarQube is up
2023.06.07 17:57:07 INFO  app[][o.s.a.SchedulerImpl] Stopping SonarQube
2023.06.07 17:57:08 INFO  app[][o.s.a.SchedulerImpl] Process[ce] is stopped
2023.06.07 17:57:09 INFO  app[][o.s.a.SchedulerImpl] Process[web] is stopped
2023.06.07 17:57:09 WARN  app[][o.s.a.p.AbstractManagedProcess] Process exited with exit value [es]: 143
2023.06.07 17:57:09 INFO  app[][o.s.a.SchedulerImpl] Process[es] is stopped
2023.06.07 17:57:09 INFO  app[][o.s.a.SchedulerImpl] SonarQube is stopped
