2023.06.06 15:42:54 INFO  app[][o.s.a.AppFileSystem] Cleaning or creating temp directory /opt/sonarqube/temp
2023.06.06 15:42:54 INFO  app[][o.s.a.es.EsSettings] Elasticsearch listening on /127.0.0.1:9001
2023.06.06 15:42:54 INFO  app[][o.s.a.ProcessLauncherImpl] Launch process[[key='es', ipcIndex=1, logFilenamePrefix=es]] from [/opt/sonarqube/elasticsearch]: /opt/sonarqube/elasticsearch/bin/elasticsearch
2023.06.06 15:42:54 INFO  app[][o.s.a.SchedulerImpl] Waiting for Elasticsearch to be up and running
2023.06.06 15:42:54 INFO  app[][o.e.p.PluginsService] no modules loaded
2023.06.06 15:42:54 INFO  app[][o.e.p.PluginsService] loaded plugin [org.elasticsearch.transport.Netty4Plugin]
2023.06.06 15:42:59 WARN  app[][o.s.a.p.AbstractManagedProcess] Process exited with exit value [es]: 78
2023.06.06 15:42:59 INFO  app[][o.s.a.SchedulerImpl] Process[es] is stopped
2023.06.06 15:42:59 INFO  app[][o.s.a.SchedulerImpl] SonarQube is stopped
2023.06.06 15:46:25 INFO  app[][o.s.a.AppFileSystem] Cleaning or creating temp directory /opt/sonarqube/temp
2023.06.06 15:46:25 INFO  app[][o.s.a.es.EsSettings] Elasticsearch listening on /127.0.0.1:9001
2023.06.06 15:46:25 INFO  app[][o.s.a.ProcessLauncherImpl] Launch process[[key='es', ipcIndex=1, logFilenamePrefix=es]] from [/opt/sonarqube/elasticsearch]: /opt/sonarqube/elasticsearch/bin/elasticsearch
2023.06.06 15:46:25 INFO  app[][o.s.a.SchedulerImpl] Waiting for Elasticsearch to be up and running
2023.06.06 15:46:25 INFO  app[][o.e.p.PluginsService] no modules loaded
2023.06.06 15:46:25 INFO  app[][o.e.p.PluginsService] loaded plugin [org.elasticsearch.transport.Netty4Plugin]
2023.06.06 15:46:40 INFO  app[][o.s.a.SchedulerImpl] Process[es] is up
2023.06.06 15:46:40 INFO  app[][o.s.a.ProcessLauncherImpl] Launch process[[key='web', ipcIndex=2, logFilenamePrefix=web]] from [/opt/sonarqube]: /usr/local/openjdk-11/bin/java -Djava.awt.headless=true -Dfile.encoding=UTF-8 -Djava.io.tmpdir=/opt/sonarqube/temp --add-opens=java.base/java.util=ALL-UNNAMED --add-opens=java.base/java.lang=ALL-UNNAMED --add-opens=java.base/java.io=ALL-UNNAMED --add-opens=java.rmi/sun.rmi.transport=ALL-UNNAMED -Xmx512m -Xms128m -XX:+HeapDumpOnOutOfMemoryError -Djava.security.egd=file:/dev/./urandom -Dhttp.nonProxyHosts=localhost|127.*|[::1] -cp ./lib/common/*:/opt/sonarqube/lib/jdbc/postgresql/postgresql-42.2.5.jar org.sonar.server.app.WebServer /opt/sonarqube/temp/sq-process8140973541375971542properties
2023.06.06 15:47:03 INFO  app[][o.s.a.SchedulerImpl] Process[web] is up
2023.06.06 15:47:03 INFO  app[][o.s.a.ProcessLauncherImpl] Launch process[[key='ce', ipcIndex=3, logFilenamePrefix=ce]] from [/opt/sonarqube]: /usr/local/openjdk-11/bin/java -Djava.awt.headless=true -Dfile.encoding=UTF-8 -Djava.io.tmpdir=/opt/sonarqube/temp --add-opens=java.base/java.util=ALL-UNNAMED -Xmx512m -Xms128m -XX:+HeapDumpOnOutOfMemoryError -Dhttp.nonProxyHosts=localhost|127.*|[::1] -cp ./lib/common/*:/opt/sonarqube/lib/jdbc/postgresql/postgresql-42.2.5.jar org.sonar.ce.app.CeServer /opt/sonarqube/temp/sq-process3834452494639270572properties
2023.06.06 15:47:10 INFO  app[][o.s.a.SchedulerImpl] Process[ce] is up
2023.06.06 15:47:10 INFO  app[][o.s.a.SchedulerImpl] SonarQube is up
