2023.06.07 06:47:45 INFO  web[][o.s.p.ProcessEntryPoint] Gracefully stopping process
2023.06.07 06:47:45 INFO  web[][o.s.s.n.NotificationDaemon] Notification service stopped
2023.06.07 06:47:45 INFO  web[][o.s.s.app.WebServer] WebServer stopped
2023.06.07 10:21:55 INFO  web[][o.s.p.ProcessEntryPoint] Starting web
2023.06.07 10:21:56 INFO  web[][o.a.t.u.n.NioSelectorPool] Using a shared selector for servlet write/read
2023.06.07 10:21:57 INFO  web[][o.e.p.PluginsService] no modules loaded
2023.06.07 10:21:57 INFO  web[][o.e.p.PluginsService] loaded plugin [org.elasticsearch.join.ParentJoinPlugin]
2023.06.07 10:21:57 INFO  web[][o.e.p.PluginsService] loaded plugin [org.elasticsearch.percolator.PercolatorPlugin]
2023.06.07 10:21:57 INFO  web[][o.e.p.PluginsService] loaded plugin [org.elasticsearch.transport.Netty4Plugin]
2023.06.07 10:21:58 INFO  web[][o.s.s.e.EsClientProvider] Connected to local Elasticsearch: [127.0.0.1:9001]
2023.06.07 10:21:58 INFO  web[][o.s.s.p.LogServerVersion] SonarQube Server / 7.9.1.27448 / e0c45c97bb2e45d52629f3422ac91718020f6db9
2023.06.07 10:21:58 INFO  web[][o.sonar.db.Database] Create JDBC data source for jdbc:postgresql://db-postgresql/sonarqube
2023.06.07 10:21:59 INFO  web[][o.s.s.p.ServerFileSystemImpl] SonarQube home: /opt/sonarqube
2023.06.07 10:21:59 INFO  web[][o.s.s.u.SystemPasscodeImpl] System authentication by passcode is disabled
2023.06.07 10:21:59 INFO  web[][o.s.s.p.ServerPluginRepository] Deploy plugin Checkstyle / 4.27 / 
2023.06.07 10:21:59 INFO  web[][o.s.s.p.ServerPluginRepository] Deploy plugin Code Smells / 4.0.0
2023.06.07 10:21:59 INFO  web[][o.s.s.p.ServerPluginRepository] Deploy plugin Findbugs / 3.11.1 / 
2023.06.07 10:21:59 INFO  web[][o.s.s.p.ServerPluginRepository] Deploy plugin PMD / 3.2.1 / 781bc9e240c06c1ae06908a1ab0c0d27e01c2083
2023.06.07 10:21:59 INFO  web[][o.s.s.p.ServerPluginRepository] Deploy plugin SonarCSS / 1.1.1.1010 / 365e21fd0cb9035669fc59f6fec7c8fd28a7303b
2023.06.07 10:21:59 INFO  web[][o.s.s.p.ServerPluginRepository] Deploy plugin SonarJS / 6.1.0.11503 / e78f55aea499e1f368b32c5b0c6f996db984fcb8
2023.06.07 10:21:59 INFO  web[][o.s.s.p.ServerPluginRepository] Deploy plugin SonarJava / 5.14.0.18788 / 5722010157fd66ae9f3141184891501b4165f75a
2023.06.07 10:21:59 INFO  web[][o.s.s.p.ServerPluginRepository] Deploy plugin SonarTS / 2.1.0.4359 / 268ba9581b700c4fb2bc194d4069d283da915213
2023.06.07 10:22:00 INFO  web[][o.s.s.p.d.m.c.PostgresCharsetHandler] Verify that database charset supports UTF8
2023.06.07 10:22:00 INFO  web[][o.s.s.p.w.MasterServletFilter] Initializing servlet filter org.sonar.server.ws.WebServiceFilter@18388c6d [pattern=UrlPattern{inclusions=[/api/system/migrate_db.*, ...], exclusions=[/api/properties*, ...]}]
2023.06.07 10:22:00 INFO  web[][o.s.s.a.EmbeddedTomcat] HTTP connector enabled on port 9000
2023.06.07 10:22:01 INFO  web[][o.s.s.p.UpdateCenterClient] Update center: https://update.sonarsource.org/update-center.properties (no proxy)
2023.06.07 10:22:02 INFO  web[][o.s.s.s.LogServerId] Server ID: 2BEB266D-AYiRY6wgxuP8Pk9Mucqj
2023.06.07 10:22:02 WARN  web[][o.s.a.s.w.WebService$Action] The response example is not set on action api/plugins/download
2023.06.07 10:22:02 WARN  web[][o.s.a.s.w.WebService$Action] The response example is not set on action api/permissions/search_templates
2023.06.07 10:22:02 INFO  web[][o.s.s.t.TelemetryDaemon] Sharing of SonarQube statistics is enabled.
2023.06.07 10:22:02 INFO  web[][o.s.s.n.NotificationDaemon] Notification service started (delay 60 sec.)
2023.06.07 10:22:02 INFO  web[][o.s.s.s.GeneratePluginIndex] Generate scanner plugin index
2023.06.07 10:22:02 INFO  web[][o.s.s.s.RegisterPlugins] Register plugins
2023.06.07 10:22:02 INFO  web[][o.s.s.s.RegisterMetrics] Register metrics
2023.06.07 10:22:02 INFO  web[][o.s.s.r.RegisterRules] Register rules
2023.06.07 10:22:04 INFO  web[][o.s.s.q.BuiltInQProfileRepositoryImpl] Load quality profiles
2023.06.07 10:22:04 WARN  web[][o.s.s.q.BuiltInQProfileDefinitionsBridge] Unable to activate unknown rule : 'JSP_SPRING_EVAL'
2023.06.07 10:22:04 WARN  web[][o.s.s.q.BuiltInQProfileDefinitionsBridge] Unable to activate unknown rule : 'XSS_REQUEST_PARAMETER_TO_JSP_WRITER'
2023.06.07 10:22:04 WARN  web[][o.s.s.q.BuiltInQProfileDefinitionsBridge] Unable to activate unknown rule : 'JSP_INCLUDE'
2023.06.07 10:22:04 WARN  web[][o.s.s.q.BuiltInQProfileDefinitionsBridge] Unable to activate unknown rule : 'JSP_XSLT'
2023.06.07 10:22:04 WARN  web[][o.s.s.q.BuiltInQProfileDefinitionsBridge] Unable to activate unknown rule : 'XSS_JSP_PRINT'
2023.06.07 10:22:04 WARN  web[][o.s.s.q.BuiltInQProfileDefinitionsBridge] Unable to activate unknown rule : 'JSP_JSTL_OUT'
2023.06.07 10:22:04 INFO  web[][o.s.s.q.BuiltInQProfileRepositoryImpl] Language jsp is not installed, related quality profiles are ignored
2023.06.07 10:22:04 INFO  web[][o.s.s.q.RegisterQualityProfiles] Register quality profiles
2023.06.07 10:22:04 INFO  web[][o.s.s.q.RegisterQualityProfiles] Update profile css/Sonar way
2023.06.07 10:22:04 INFO  web[][o.s.s.q.RegisterQualityProfiles] Update profile java/FindBugs
2023.06.07 10:22:05 INFO  web[][o.s.s.q.RegisterQualityProfiles] Update profile java/FindBugs + FB-Contrib
2023.06.07 10:22:05 INFO  web[][o.s.s.q.RegisterQualityProfiles] Update profile java/FindBugs Security Audit
2023.06.07 10:22:05 INFO  web[][o.s.s.q.RegisterQualityProfiles] Update profile java/FindBugs Security Minimal
2023.06.07 10:22:05 INFO  web[][o.s.s.q.RegisterQualityProfiles] Update profile java/Sonar way
2023.06.07 10:22:05 INFO  web[][o.s.s.q.RegisterQualityProfiles] Update profile js/Sonar way
2023.06.07 10:22:05 INFO  web[][o.s.s.q.RegisterQualityProfiles] Update profile js/Sonar way Recommended
2023.06.07 10:22:05 INFO  web[][o.s.s.q.RegisterQualityProfiles] Update profile ts/Sonar way
2023.06.07 10:22:05 INFO  web[][o.s.s.q.RegisterQualityProfiles] Update profile ts/Sonar way recommended
2023.06.07 10:22:05 INFO  web[][o.s.s.s.RegisterPermissionTemplates] Register permission templates
2023.06.07 10:22:05 INFO  web[][o.s.s.s.RenameDeprecatedPropertyKeys] Rename deprecated property keys
2023.06.07 10:22:05 INFO  web[][o.s.s.p.w.MasterServletFilter] Initializing servlet filter org.sonar.server.ws.WebServiceFilter@5c15de34 [pattern=UrlPattern{inclusions=[/api/issues/delete_comment.*, ...], exclusions=[/api/properties*, ...]}]
2023.06.07 10:22:05 INFO  web[][o.s.s.p.w.MasterServletFilter] Initializing servlet filter org.sonar.server.ws.DeprecatedPropertiesWsFilter@50724647 [pattern=UrlPattern{inclusions=[/api/properties/*], exclusions=[]}]
2023.06.07 10:22:05 INFO  web[][o.s.s.p.w.MasterServletFilter] Initializing servlet filter org.sonar.server.ws.WebServiceReroutingFilter@6fcb41ae [pattern=UrlPattern{inclusions=[/api/components/bulk_update_key, ...], exclusions=[]}]
2023.06.07 10:22:05 INFO  web[][o.s.s.p.w.MasterServletFilter] Initializing servlet filter org.sonar.server.authentication.InitFilter@3328751f [pattern=UrlPattern{inclusions=[/sessions/init/*], exclusions=[]}]
2023.06.07 10:22:05 INFO  web[][o.s.s.p.w.MasterServletFilter] Initializing servlet filter org.sonar.server.authentication.OAuth2CallbackFilter@5e14fc1e [pattern=UrlPattern{inclusions=[/oauth2/callback/*], exclusions=[]}]
2023.06.07 10:22:05 INFO  web[][o.s.s.p.w.MasterServletFilter] Initializing servlet filter org.sonar.server.authentication.ws.LoginAction@48d8a527 [pattern=UrlPattern{inclusions=[/api/authentication/login], exclusions=[]}]
2023.06.07 10:22:05 INFO  web[][o.s.s.p.w.MasterServletFilter] Initializing servlet filter org.sonar.server.authentication.ws.LogoutAction@62d6e946 [pattern=UrlPattern{inclusions=[/api/authentication/logout], exclusions=[]}]
2023.06.07 10:22:05 INFO  web[][o.s.s.p.w.MasterServletFilter] Initializing servlet filter org.sonar.server.authentication.ws.ValidateAction@120270d6 [pattern=UrlPattern{inclusions=[/api/authentication/validate], exclusions=[]}]
2023.06.07 10:22:05 INFO  web[][o.s.s.q.ProjectsInWarningDaemon] Counting number of projects in warning is not started as there are no projects in this situation.
2023.06.07 10:22:05 INFO  web[][o.s.s.p.p.PlatformLevelStartup] Running Community Edition
2023.06.07 10:22:05 INFO  web[][o.s.s.p.Platform] WebServer is operational
2023.06.07 17:57:08 INFO  web[][o.s.p.ProcessEntryPoint] Gracefully stopping process
2023.06.07 17:57:08 INFO  web[][o.s.s.n.NotificationDaemon] Notification service stopped
2023.06.07 17:57:08 INFO  web[][o.s.s.app.WebServer] WebServer stopped
